0 verbose cli C:\Program Files\nodejs\node.exe C:\Users\HP\AppData\Roaming\npm\node_modules\npm\bin\npm-cli.js
1 info using npm@10.9.1
2 info using node@v21.6.1
3 silly config load:file:C:\Users\HP\AppData\Roaming\npm\node_modules\npm\npmrc
4 silly config load:file:C:\Users\HP\Desktop\ochi-website-clone-master\.npmrc
5 silly config load:file:C:\Users\HP\.npmrc
6 silly config load:file:C:\Users\HP\AppData\Roaming\npm\etc\npmrc
7 verbose title npm config get registry
8 verbose argv "config" "get" "registry"
9 verbose logfile logs-max:10 dir:C:\Users\HP\Desktop\ochi-website-clone-master\clean\_logs\2025-03-31T13_09_39_840Z-
10 verbose logfile C:\Users\HP\Desktop\ochi-website-clone-master\clean\_logs\2025-03-31T13_09_39_840Z-debug-0.log
11 silly logfile start cleaning logs, removing 3 files
12 silly logfile error removing log file C:\Users\HP\Desktop\ochi-website-clone-master\clean\_logs\2025-03-31T11_17_46_202Z-debug-0.log [Error: EPERM: operation not permitted, lstat 'C:\Users\HP\Desktop\ochi-website-clone-master\clean\_logs\2025-03-31T11_17_46_202Z-debug-0.log'] {
12 silly logfile   errno: -4048,
12 silly logfile   code: 'EPERM',
12 silly logfile   syscall: 'lstat',
12 silly logfile   path: 'C:\\Users\\HP\\Desktop\\ochi-website-clone-master\\clean\\_logs\\2025-03-31T11_17_46_202Z-debug-0.log'
12 silly logfile }
13 verbose cwd C:\Users\HP\Desktop\ochi-website-clone-master
14 verbose os Windows_NT 10.0.19045
15 verbose node v21.6.1
16 verbose npm  v10.9.1
17 verbose exit 0
18 info ok
