0 verbose cli C:\Program Files\nodejs\node.exe C:\Users\HP\AppData\Roaming\npm\node_modules\npm\bin\npm-cli.js
1 info using npm@10.9.1
2 info using node@v21.6.1
3 silly config load:file:C:\Users\HP\AppData\Roaming\npm\node_modules\npm\npmrc
4 silly config load:file:C:\Users\HP\Desktop\ochi-website-clone-master\.npmrc
5 silly config load:file:C:\Users\HP\.npmrc
6 silly config load:file:C:\Users\HP\AppData\Roaming\npm\etc\npmrc
7 verbose title npm install emailjs-com
8 verbose argv "install" "emailjs-com"
9 verbose logfile logs-max:10 dir:C:\Users\HP\Desktop\ochi-website-clone-master\clean\_logs\2025-03-31T13_09_17_275Z-
10 verbose logfile C:\Users\HP\Desktop\ochi-website-clone-master\clean\_logs\2025-03-31T13_09_17_275Z-debug-0.log
11 silly logfile start cleaning logs, removing 2 files
12 silly packumentCache heap:2197815296 maxSize:549453824 maxEntrySize:274726912
13 silly logfile done cleaning log files
14 silly idealTree buildDeps
15 silly fetch manifest emailjs-com@^3.2.0
16 silly packumentCache full:https://registry.npmjs.org/emailjs-com cache-miss
17 http cache https://registry.npmjs.org/emailjs-com 228ms (cache hit)
18 silly packumentCache full:https://registry.npmjs.org/emailjs-com set size:103842 disposed:false
19 silly placeDep ROOT emailjs-com@3.2.0 REPLACE for: ochi-website-clone@0.1.0 want: ^3.2.0
20 silly reify moves {}
21 silly audit bulk request {
21 silly audit   '@aashutoshrathi/word-wrap': [ '1.2.6' ],
21 silly audit   '@alloc/quick-lru': [ '5.2.0' ],
21 silly audit   '@babel/runtime': [ '7.24.4' ],
21 silly audit   '@emailjs/browser': [ '4.4.1' ],
21 silly audit   '@emnapi/runtime': [ '1.1.1' ],
21 silly audit   '@eslint-community/eslint-utils': [ '4.4.0' ],
21 silly audit   '@eslint-community/regexpp': [ '4.10.0' ],
21 silly audit   '@eslint/eslintrc': [ '2.1.4' ],
21 silly audit   '@eslint/js': [ '8.57.0' ],
21 silly audit   '@humanwhocodes/config-array': [ '0.11.14' ],
21 silly audit   '@humanwhocodes/module-importer': [ '1.0.1' ],
21 silly audit   '@humanwhocodes/object-schema': [ '2.0.3' ],
21 silly audit   '@img/sharp-darwin-arm64': [ '0.33.3' ],
21 silly audit   '@img/sharp-darwin-x64': [ '0.33.3' ],
21 silly audit   '@img/sharp-libvips-darwin-arm64': [ '1.0.2' ],
21 silly audit   '@img/sharp-libvips-darwin-x64': [ '1.0.2' ],
21 silly audit   '@img/sharp-libvips-linux-arm': [ '1.0.2' ],
21 silly audit   '@img/sharp-libvips-linux-arm64': [ '1.0.2' ],
21 silly audit   '@img/sharp-libvips-linux-s390x': [ '1.0.2' ],
21 silly audit   '@img/sharp-libvips-linux-x64': [ '1.0.2' ],
21 silly audit   '@img/sharp-libvips-linuxmusl-arm64': [ '1.0.2' ],
21 silly audit   '@img/sharp-libvips-linuxmusl-x64': [ '1.0.2' ],
21 silly audit   '@img/sharp-linux-arm': [ '0.33.3' ],
21 silly audit   '@img/sharp-linux-arm64': [ '0.33.3' ],
21 silly audit   '@img/sharp-linux-s390x': [ '0.33.3' ],
21 silly audit   '@img/sharp-linux-x64': [ '0.33.3' ],
21 silly audit   '@img/sharp-linuxmusl-arm64': [ '0.33.3' ],
21 silly audit   '@img/sharp-linuxmusl-x64': [ '0.33.3' ],
21 silly audit   '@img/sharp-wasm32': [ '0.33.3' ],
21 silly audit   '@img/sharp-win32-ia32': [ '0.33.3' ],
21 silly audit   '@img/sharp-win32-x64': [ '0.33.3' ],
21 silly audit   '@isaacs/cliui': [ '8.0.2' ],
21 silly audit   'ansi-regex': [ '6.0.1', '5.0.1' ],
21 silly audit   'strip-ansi': [ '7.1.0', '6.0.1' ],
21 silly audit   '@jridgewell/gen-mapping': [ '0.3.5' ],
21 silly audit   '@jridgewell/resolve-uri': [ '3.1.2' ],
21 silly audit   '@jridgewell/set-array': [ '1.2.1' ],
21 silly audit   '@jridgewell/sourcemap-codec': [ '1.4.15' ],
21 silly audit   '@jridgewell/trace-mapping': [ '0.3.25' ],
21 silly audit   '@next/env': [ '14.1.4' ],
21 silly audit   '@next/eslint-plugin-next': [ '14.1.4' ],
21 silly audit   '@next/swc-darwin-arm64': [ '14.1.4' ],
21 silly audit   '@next/swc-darwin-x64': [ '14.1.4' ],
21 silly audit   '@next/swc-linux-arm64-gnu': [ '14.1.4' ],
21 silly audit   '@next/swc-linux-arm64-musl': [ '14.1.4' ],
21 silly audit   '@next/swc-linux-x64-gnu': [ '14.1.4' ],
21 silly audit   '@next/swc-linux-x64-musl': [ '14.1.4' ],
21 silly audit   '@next/swc-win32-arm64-msvc': [ '14.1.4' ],
21 silly audit   '@next/swc-win32-ia32-msvc': [ '14.1.4' ],
21 silly audit   '@next/swc-win32-x64-msvc': [ '14.1.4' ],
21 silly audit   '@nodelib/fs.scandir': [ '2.1.5' ],
21 silly audit   '@nodelib/fs.stat': [ '2.0.5' ],
21 silly audit   '@nodelib/fs.walk': [ '1.2.8' ],
21 silly audit   '@pkgjs/parseargs': [ '0.11.0' ],
21 silly audit   '@rushstack/eslint-patch': [ '1.10.1' ],
21 silly audit   '@studio-freight/lenis': [ '1.0.12' ],
21 silly audit   '@swc/helpers': [ '0.5.2' ],
21 silly audit   '@types/json5': [ '0.0.29' ],
21 silly audit   '@types/locomotive-scroll': [ '4.1.3' ],
21 silly audit   '@types/node': [ '20.12.5' ],
21 silly audit   '@types/prop-types': [ '15.7.12' ],
21 silly audit   '@types/react': [ '18.2.74' ],
21 silly audit   '@types/react-dom': [ '18.2.24' ],
21 silly audit   '@typescript-eslint/parser': [ '6.21.0' ],
21 silly audit   '@typescript-eslint/scope-manager': [ '6.21.0' ],
21 silly audit   '@typescript-eslint/types': [ '6.21.0' ],
21 silly audit   '@typescript-eslint/typescript-estree': [ '6.21.0' ],
21 silly audit   'brace-expansion': [ '2.0.1', '1.1.11' ],
21 silly audit   minimatch: [ '9.0.3', '9.0.4', '3.1.2' ],
21 silly audit   '@typescript-eslint/visitor-keys': [ '6.21.0' ],
21 silly audit   '@ungap/structured-clone': [ '1.2.0' ],
21 silly audit   acorn: [ '8.11.3' ],
21 silly audit   'acorn-jsx': [ '5.3.2' ],
21 silly audit   ajv: [ '6.12.6' ],
21 silly audit   'ansi-styles': [ '4.3.0', '6.2.1' ],
21 silly audit   'any-promise': [ '1.3.0' ],
21 silly audit   anymatch: [ '3.1.3' ],
21 silly audit   arg: [ '5.0.2' ],
21 silly audit   argparse: [ '2.0.1' ],
21 silly audit   'aria-query': [ '5.3.0' ],
21 silly audit   'array-buffer-byte-length': [ '1.0.1' ],
21 silly audit   'array-includes': [ '3.1.8' ],
21 silly audit   'array-union': [ '2.1.0' ],
21 silly audit   'array.prototype.findlast': [ '1.2.5' ],
21 silly audit   'array.prototype.findlastindex': [ '1.2.5' ],
21 silly audit   'array.prototype.flat': [ '1.3.2' ],
21 silly audit   'array.prototype.flatmap': [ '1.3.2' ],
21 silly audit   'array.prototype.toreversed': [ '1.1.2' ],
21 silly audit   'array.prototype.tosorted': [ '1.1.3' ],
21 silly audit   'arraybuffer.prototype.slice': [ '1.0.3' ],
21 silly audit   'ast-types-flow': [ '0.0.8' ],
21 silly audit   autoprefixer: [ '10.4.19' ],
21 silly audit   'available-typed-arrays': [ '1.0.7' ],
21 silly audit   'axe-core': [ '4.7.0' ],
21 silly audit   'axobject-query': [ '3.2.1' ],
21 silly audit   'balanced-match': [ '1.0.2' ],
21 silly audit   'binary-extensions': [ '2.3.0' ],
21 silly audit   braces: [ '3.0.2' ],
21 silly audit   browserslist: [ '4.23.0' ],
21 silly audit   busboy: [ '1.6.0' ],
21 silly audit   'call-bind': [ '1.0.7' ],
21 silly audit   callsites: [ '3.1.0' ],
21 silly audit   'camelcase-css': [ '2.0.1' ],
21 silly audit   'caniuse-lite': [ '1.0.30001606' ],
21 silly audit   chalk: [ '4.1.2' ],
21 silly audit   chokidar: [ '3.6.0' ],
21 silly audit   'glob-parent': [ '5.1.2', '6.0.2' ],
21 silly audit   'client-only': [ '0.0.1' ],
21 silly audit   color: [ '4.2.3' ],
21 silly audit   'color-convert': [ '2.0.1' ],
21 silly audit   'color-name': [ '1.1.4' ],
21 silly audit   'color-string': [ '1.9.1' ],
21 silly audit   commander: [ '4.1.1' ],
21 silly audit   'concat-map': [ '0.0.1' ],
21 silly audit   'cross-spawn': [ '7.0.3' ],
21 silly audit   cssesc: [ '3.0.0' ],
21 silly audit   csstype: [ '3.1.3' ],
21 silly audit   'damerau-levenshtein': [ '1.0.8' ],
21 silly audit   'data-view-buffer': [ '1.0.1' ],
21 silly audit   'data-view-byte-length': [ '1.0.1' ],
21 silly audit   'data-view-byte-offset': [ '1.0.0' ],
21 silly audit   debug: [ '4.3.4', '3.2.7' ],
21 silly audit   'deep-is': [ '0.1.4' ],
21 silly audit   'define-data-property': [ '1.1.4' ],
21 silly audit   'define-properties': [ '1.2.1' ],
21 silly audit   dequal: [ '2.0.3' ],
21 silly audit   'detect-libc': [ '2.0.3' ],
21 silly audit   didyoumean: [ '1.2.2' ],
21 silly audit   'dir-glob': [ '3.0.1' ],
21 silly audit   dlv: [ '1.1.3' ],
21 silly audit   doctrine: [ '3.0.0', '2.1.0' ],
21 silly audit   eastasianwidth: [ '0.2.0' ],
21 silly audit   'electron-to-chromium': [ '1.4.729' ],
21 silly audit   'emoji-regex': [ '9.2.2', '8.0.0' ],
21 silly audit   'enhanced-resolve': [ '5.16.0' ],
21 silly audit   'es-abstract': [ '1.23.3' ],
21 silly audit   'es-define-property': [ '1.0.0' ],
21 silly audit   'es-errors': [ '1.3.0' ],
21 silly audit   'es-iterator-helpers': [ '1.0.18' ],
21 silly audit   'es-object-atoms': [ '1.0.0' ],
21 silly audit   'es-set-tostringtag': [ '2.0.3' ],
21 silly audit   'es-shim-unscopables': [ '1.0.2' ],
21 silly audit   'es-to-primitive': [ '1.2.1' ],
21 silly audit   escalade: [ '3.1.2' ],
21 silly audit   'escape-string-regexp': [ '4.0.0' ],
21 silly audit   eslint: [ '8.57.0' ],
21 silly audit   'eslint-config-next': [ '14.1.4' ],
21 silly audit   'eslint-import-resolver-node': [ '0.3.9' ],
21 silly audit   'eslint-import-resolver-typescript': [ '3.6.1' ],
21 silly audit   'eslint-module-utils': [ '2.8.1' ],
21 silly audit   'eslint-plugin-import': [ '2.29.1' ],
21 silly audit   semver: [ '6.3.1', '7.6.0' ],
21 silly audit   'eslint-plugin-jsx-a11y': [ '6.8.0' ],
21 silly audit   'eslint-plugin-react': [ '7.34.1' ],
21 silly audit   'eslint-plugin-react-hooks': [ '4.6.0' ],
21 silly audit   resolve: [ '2.0.0-next.5', '1.22.8' ],
21 silly audit   'eslint-scope': [ '7.2.2' ],
21 silly audit   'eslint-visitor-keys': [ '3.4.3' ],
21 silly audit   espree: [ '9.6.1' ],
21 silly audit   esquery: [ '1.5.0' ],
21 silly audit   esrecurse: [ '4.3.0' ],
21 silly audit   estraverse: [ '5.3.0' ],
21 silly audit   esutils: [ '2.0.3' ],
21 silly audit   'fast-deep-equal': [ '3.1.3' ],
21 silly audit   'fast-glob': [ '3.3.2' ],
21 silly audit   'fast-json-stable-stringify': [ '2.1.0' ],
21 silly audit   'fast-levenshtein': [ '2.0.6' ],
21 silly audit   fastq: [ '1.17.1' ],
21 silly audit   'file-entry-cache': [ '6.0.1' ],
21 silly audit   'fill-range': [ '7.0.1' ],
21 silly audit   'find-up': [ '5.0.0' ],
21 silly audit   'flat-cache': [ '3.2.0' ],
21 silly audit   flatted: [ '3.3.1' ],
21 silly audit   'for-each': [ '0.3.3' ],
21 silly audit   'foreground-child': [ '3.1.1' ],
21 silly audit   'fraction.js': [ '4.3.7' ],
21 silly audit   'framer-motion': [ '11.0.25' ],
21 silly audit   'fs.realpath': [ '1.0.0' ],
21 silly audit   fsevents: [ '2.3.3' ],
21 silly audit   'function-bind': [ '1.1.2' ],
21 silly audit   'function.prototype.name': [ '1.1.6' ],
21 silly audit   'functions-have-names': [ '1.2.3' ],
21 silly audit   'get-intrinsic': [ '1.2.4' ],
21 silly audit   'get-symbol-description': [ '1.0.2' ],
21 silly audit   'get-tsconfig': [ '4.7.3' ],
21 silly audit   glob: [ '10.3.10', '7.2.3' ],
21 silly audit   globals: [ '13.24.0' ],
21 silly audit   globalthis: [ '1.0.3' ],
21 silly audit   globby: [ '11.1.0' ],
21 silly audit   gopd: [ '1.0.1' ],
21 silly audit   'graceful-fs': [ '4.2.11' ],
21 silly audit   graphemer: [ '1.4.0' ],
21 silly audit   gsap: [ '3.12.5' ],
21 silly audit   'has-bigints': [ '1.0.2' ],
21 silly audit   'has-flag': [ '4.0.0' ],
21 silly audit   'has-property-descriptors': [ '1.0.2' ],
21 silly audit   'has-proto': [ '1.0.3' ],
21 silly audit   'has-symbols': [ '1.0.3' ],
21 silly audit   'has-tostringtag': [ '1.0.2' ],
21 silly audit   hasown: [ '2.0.2' ],
21 silly audit   ignore: [ '5.3.1' ],
21 silly audit   immutable: [ '4.3.5' ],
21 silly audit   'import-fresh': [ '3.3.0' ],
21 silly audit   imurmurhash: [ '0.1.4' ],
21 silly audit   inflight: [ '1.0.6' ],
21 silly audit   inherits: [ '2.0.4' ],
21 silly audit   'internal-slot': [ '1.0.7' ],
21 silly audit   'is-array-buffer': [ '3.0.4' ],
21 silly audit   'is-arrayish': [ '0.3.2' ],
21 silly audit   'is-async-function': [ '2.0.0' ],
21 silly audit   'is-bigint': [ '1.0.4' ],
21 silly audit   'is-binary-path': [ '2.1.0' ],
21 silly audit   'is-boolean-object': [ '1.1.2' ],
21 silly audit   'is-callable': [ '1.2.7' ],
21 silly audit   'is-core-module': [ '2.13.1' ],
21 silly audit   'is-data-view': [ '1.0.1' ],
21 silly audit   'is-date-object': [ '1.0.5' ],
21 silly audit   'is-extglob': [ '2.1.1' ],
21 silly audit   'is-finalizationregistry': [ '1.0.2' ],
21 silly audit   'is-fullwidth-code-point': [ '3.0.0' ],
21 silly audit   'is-generator-function': [ '1.0.10' ],
21 silly audit   'is-glob': [ '4.0.3' ],
21 silly audit   'is-map': [ '2.0.3' ],
21 silly audit   'is-negative-zero': [ '2.0.3' ],
21 silly audit   'is-number': [ '7.0.0' ],
21 silly audit   'is-number-object': [ '1.0.7' ],
21 silly audit   'is-path-inside': [ '3.0.3' ],
21 silly audit   'is-regex': [ '1.1.4' ],
21 silly audit   'is-set': [ '2.0.3' ],
21 silly audit   'is-shared-array-buffer': [ '1.0.3' ],
21 silly audit   'is-string': [ '1.0.7' ],
21 silly audit   'is-symbol': [ '1.0.4' ],
21 silly audit   'is-typed-array': [ '1.1.13' ],
21 silly audit   'is-weakmap': [ '2.0.2' ],
21 silly audit   'is-weakref': [ '1.0.2' ],
21 silly audit   'is-weakset': [ '2.0.3' ],
21 silly audit   isarray: [ '2.0.5' ],
21 silly audit   isexe: [ '2.0.0' ],
21 silly audit   'iterator.prototype': [ '1.1.2' ],
21 silly audit   jackspeak: [ '2.3.6' ],
21 silly audit   jiti: [ '1.21.0' ],
21 silly audit   'js-tokens': [ '4.0.0' ],
21 silly audit   'js-yaml': [ '4.1.0' ],
21 silly audit   'json-buffer': [ '3.0.1' ],
21 silly audit   'json-schema-traverse': [ '0.4.1' ],
21 silly audit   'json-stable-stringify-without-jsonify': [ '1.0.1' ],
21 silly audit   json5: [ '1.0.2' ],
21 silly audit   'jsx-ast-utils': [ '3.3.5' ],
21 silly audit   keyv: [ '4.5.4' ],
21 silly audit   'language-subtag-registry': [ '0.3.22' ],
21 silly audit   'language-tags': [ '1.0.9' ],
21 silly audit   levn: [ '0.4.1' ],
21 silly audit   lilconfig: [ '2.1.0', '3.1.1' ],
21 silly audit   'lines-and-columns': [ '1.2.4' ],
21 silly audit   'locate-path': [ '6.0.0' ],
21 silly audit   'locomotive-scroll': [ '5.0.0-beta.8' ],
21 silly audit   'lodash.merge': [ '4.6.2' ],
21 silly audit   'loose-envify': [ '1.4.0' ],
21 silly audit   'lru-cache': [ '10.2.0', '6.0.0' ],
21 silly audit   'lucide-react': [ '0.365.0' ],
21 silly audit   merge2: [ '1.4.1' ],
21 silly audit   micromatch: [ '4.0.5' ],
21 silly audit   minimist: [ '1.2.8' ],
21 silly audit   minipass: [ '7.0.4' ],
21 silly audit   ms: [ '2.1.2' ],
21 silly audit   mz: [ '2.7.0' ],
21 silly audit   nanoid: [ '3.3.7' ],
21 silly audit   'natural-compare': [ '1.4.0' ],
21 silly audit   next: [ '14.1.4' ],
21 silly audit   postcss: [ '8.4.31', '8.4.38' ],
21 silly audit   'node-releases': [ '2.0.14' ],
21 silly audit   'normalize-path': [ '3.0.0' ],
21 silly audit   'normalize-range': [ '0.1.2' ],
21 silly audit   'object-assign': [ '4.1.1' ],
21 silly audit   'object-hash': [ '3.0.0' ],
21 silly audit   'object-inspect': [ '1.13.1' ],
21 silly audit   'object-keys': [ '1.1.1' ],
21 silly audit   'object.assign': [ '4.1.5' ],
21 silly audit   'object.entries': [ '1.1.8' ],
21 silly audit   'object.fromentries': [ '2.0.8' ],
21 silly audit   'object.groupby': [ '1.0.3' ],
21 silly audit   'object.hasown': [ '1.1.4' ],
21 silly audit   'object.values': [ '1.2.0' ],
21 silly audit   once: [ '1.4.0' ],
21 silly audit   optionator: [ '0.9.3' ],
21 silly audit   'p-limit': [ '3.1.0' ],
21 silly audit   'p-locate': [ '5.0.0' ],
21 silly audit   'parent-module': [ '1.0.1' ],
21 silly audit   'path-exists': [ '4.0.0' ],
21 silly audit   'path-is-absolute': [ '1.0.1' ],
21 silly audit   'path-key': [ '3.1.1' ],
21 silly audit   'path-parse': [ '1.0.7' ],
21 silly audit   'path-scurry': [ '1.10.2' ],
21 silly audit   'path-type': [ '4.0.0' ],
21 silly audit   picocolors: [ '1.0.0' ],
21 silly audit   picomatch: [ '2.3.1' ],
21 silly audit   pify: [ '2.3.0' ],
21 silly audit   pirates: [ '4.0.6' ],
21 silly audit   'possible-typed-array-names': [ '1.0.0' ],
21 silly audit   'postcss-import': [ '15.1.0' ],
21 silly audit   'postcss-js': [ '4.0.1' ],
21 silly audit   'postcss-load-config': [ '4.0.2' ],
21 silly audit   'postcss-nested': [ '6.0.1' ],
21 silly audit   'postcss-selector-parser': [ '6.0.16' ],
21 silly audit   'postcss-value-parser': [ '4.2.0' ],
21 silly audit   'prelude-ls': [ '1.2.1' ],
21 silly audit   'prop-types': [ '15.8.1' ],
21 silly audit   punycode: [ '2.3.1' ],
21 silly audit   'queue-microtask': [ '1.2.3' ],
21 silly audit   react: [ '18.2.0' ],
21 silly audit   'react-dom': [ '18.2.0' ],
21 silly audit   'react-icons': [ '5.1.0' ],
21 silly audit   'react-intersection-observer': [ '9.8.1' ],
21 silly audit   'react-is': [ '16.13.1' ],
21 silly audit   'read-cache': [ '1.0.0' ],
21 silly audit   readdirp: [ '3.6.0' ],
21 silly audit   'reflect.getprototypeof': [ '1.0.6' ],
21 silly audit   'regenerator-runtime': [ '0.14.1' ],
21 silly audit   'regexp.prototype.flags': [ '1.5.2' ],
21 silly audit   'resolve-from': [ '4.0.0' ],
21 silly audit   'resolve-pkg-maps': [ '1.0.0' ],
21 silly audit   reusify: [ '1.0.4' ],
21 silly audit   rimraf: [ '3.0.2' ],
21 silly audit   'run-parallel': [ '1.2.0' ],
21 silly audit   'safe-array-concat': [ '1.1.2' ],
21 silly audit   'safe-regex-test': [ '1.0.3' ],
21 silly audit   sass: [ '1.74.1' ],
21 silly audit   scheduler: [ '0.23.0' ],
21 silly audit   'set-function-length': [ '1.2.2' ],
21 silly audit   'set-function-name': [ '2.0.2' ],
21 silly audit   sharp: [ '0.33.3' ],
21 silly audit   'shebang-command': [ '2.0.0' ],
21 silly audit   'shebang-regex': [ '3.0.0' ],
21 silly audit   'side-channel': [ '1.0.6' ],
21 silly audit   'signal-exit': [ '4.1.0' ],
21 silly audit   'simple-swizzle': [ '0.2.2' ],
21 silly audit   slash: [ '3.0.0' ],
21 silly audit   'source-map-js': [ '1.2.0' ],
21 silly audit   streamsearch: [ '1.1.0' ],
21 silly audit   'string-width': [ '5.1.2', '4.2.3' ],
21 silly audit   'string.prototype.matchall': [ '4.0.11' ],
21 silly audit   'string.prototype.trim': [ '1.2.9' ],
21 silly audit   'string.prototype.trimend': [ '1.0.8' ],
21 silly audit   'string.prototype.trimstart': [ '1.0.8' ],
21 silly audit   'strip-bom': [ '3.0.0' ],
21 silly audit   'strip-json-comments': [ '3.1.1' ],
21 silly audit   'styled-jsx': [ '5.1.1' ],
21 silly audit   sucrase: [ '3.35.0' ],
21 silly audit   'supports-color': [ '7.2.0' ],
21 silly audit   'supports-preserve-symlinks-flag': [ '1.0.0' ],
21 silly audit   tailwindcss: [ '3.4.3' ],
21 silly audit   tapable: [ '2.2.1' ],
21 silly audit   'text-table': [ '0.2.0' ],
21 silly audit   thenify: [ '3.3.1' ],
21 silly audit   'thenify-all': [ '1.6.0' ],
21 silly audit   'to-regex-range': [ '5.0.1' ],
21 silly audit   'ts-api-utils': [ '1.3.0' ],
21 silly audit   'ts-interface-checker': [ '0.1.13' ],
21 silly audit   'tsconfig-paths': [ '3.15.0' ],
21 silly audit   tslib: [ '2.6.2' ],
21 silly audit   'type-check': [ '0.4.0' ],
21 silly audit   'type-fest': [ '0.20.2' ],
21 silly audit   'typed-array-buffer': [ '1.0.2' ],
21 silly audit   'typed-array-byte-length': [ '1.0.1' ],
21 silly audit   'typed-array-byte-offset': [ '1.0.2' ],
21 silly audit   'typed-array-length': [ '1.0.6' ],
21 silly audit   typescript: [ '5.4.4' ],
21 silly audit   'unbox-primitive': [ '1.0.2' ],
21 silly audit   'undici-types': [ '5.26.5' ],
21 silly audit   'update-browserslist-db': [ '1.0.13' ],
21 silly audit   'uri-js': [ '4.4.1' ],
21 silly audit   'util-deprecate': [ '1.0.2' ],
21 silly audit   which: [ '2.0.2' ],
21 silly audit   'which-boxed-primitive': [ '1.0.2' ],
21 silly audit   'which-builtin-type': [ '1.1.3' ],
21 silly audit   'which-collection': [ '1.0.2' ],
21 silly audit   'which-typed-array': [ '1.1.15' ],
21 silly audit   'wrap-ansi': [ '8.1.0', '7.0.0' ],
21 silly audit   wrappy: [ '1.0.2' ],
21 silly audit   yallist: [ '4.0.0' ],
21 silly audit   yaml: [ '2.4.1' ],
21 silly audit   'yocto-queue': [ '0.1.0' ],
21 silly audit   'emailjs-com': [ '3.2.0' ]
21 silly audit }
22 verbose reify failed optional dependency C:\Users\HP\Desktop\ochi-website-clone-master\node_modules\fsevents
23 silly reify mark deleted [
23 silly reify   'C:\\Users\\HP\\Desktop\\ochi-website-clone-master\\node_modules\\fsevents'
23 silly reify ]
24 verbose reify failed optional dependency C:\Users\HP\Desktop\ochi-website-clone-master\node_modules\@next\swc-win32-ia32-msvc
25 silly reify mark deleted [
25 silly reify   'C:\\Users\\HP\\Desktop\\ochi-website-clone-master\\node_modules\\@next\\swc-win32-ia32-msvc'
25 silly reify ]
26 verbose reify failed optional dependency C:\Users\HP\Desktop\ochi-website-clone-master\node_modules\@next\swc-win32-arm64-msvc
27 silly reify mark deleted [
27 silly reify   'C:\\Users\\HP\\Desktop\\ochi-website-clone-master\\node_modules\\@next\\swc-win32-arm64-msvc'
27 silly reify ]
28 verbose reify failed optional dependency C:\Users\HP\Desktop\ochi-website-clone-master\node_modules\@next\swc-linux-x64-musl
29 silly reify mark deleted [
29 silly reify   'C:\\Users\\HP\\Desktop\\ochi-website-clone-master\\node_modules\\@next\\swc-linux-x64-musl'
29 silly reify ]
30 verbose reify failed optional dependency C:\Users\HP\Desktop\ochi-website-clone-master\node_modules\@next\swc-linux-x64-gnu
31 silly reify mark deleted [
31 silly reify   'C:\\Users\\HP\\Desktop\\ochi-website-clone-master\\node_modules\\@next\\swc-linux-x64-gnu'
31 silly reify ]
32 verbose reify failed optional dependency C:\Users\HP\Desktop\ochi-website-clone-master\node_modules\@next\swc-linux-arm64-musl
33 silly reify mark deleted [
33 silly reify   'C:\\Users\\HP\\Desktop\\ochi-website-clone-master\\node_modules\\@next\\swc-linux-arm64-musl'
33 silly reify ]
34 verbose reify failed optional dependency C:\Users\HP\Desktop\ochi-website-clone-master\node_modules\@next\swc-linux-arm64-gnu
35 silly reify mark deleted [
35 silly reify   'C:\\Users\\HP\\Desktop\\ochi-website-clone-master\\node_modules\\@next\\swc-linux-arm64-gnu'
35 silly reify ]
36 verbose reify failed optional dependency C:\Users\HP\Desktop\ochi-website-clone-master\node_modules\@next\swc-darwin-x64
37 silly reify mark deleted [
37 silly reify   'C:\\Users\\HP\\Desktop\\ochi-website-clone-master\\node_modules\\@next\\swc-darwin-x64'
37 silly reify ]
38 verbose reify failed optional dependency C:\Users\HP\Desktop\ochi-website-clone-master\node_modules\@next\swc-darwin-arm64
39 silly reify mark deleted [
39 silly reify   'C:\\Users\\HP\\Desktop\\ochi-website-clone-master\\node_modules\\@next\\swc-darwin-arm64'
39 silly reify ]
40 verbose reify failed optional dependency C:\Users\HP\Desktop\ochi-website-clone-master\node_modules\@img\sharp-win32-ia32
41 silly reify mark deleted [
41 silly reify   'C:\\Users\\HP\\Desktop\\ochi-website-clone-master\\node_modules\\@img\\sharp-win32-ia32'
41 silly reify ]
42 verbose reify failed optional dependency C:\Users\HP\Desktop\ochi-website-clone-master\node_modules\@img\sharp-wasm32
43 silly reify mark deleted [
43 silly reify   'C:\\Users\\HP\\Desktop\\ochi-website-clone-master\\node_modules\\@img\\sharp-wasm32'
43 silly reify ]
44 verbose reify failed optional dependency C:\Users\HP\Desktop\ochi-website-clone-master\node_modules\@emnapi\runtime
45 silly reify mark deleted [
45 silly reify   'C:\\Users\\HP\\Desktop\\ochi-website-clone-master\\node_modules\\@emnapi\\runtime'
45 silly reify ]
46 verbose reify failed optional dependency C:\Users\HP\Desktop\ochi-website-clone-master\node_modules\@img\sharp-linuxmusl-x64
47 silly reify mark deleted [
47 silly reify   'C:\\Users\\HP\\Desktop\\ochi-website-clone-master\\node_modules\\@img\\sharp-linuxmusl-x64'
47 silly reify ]
48 verbose reify failed optional dependency C:\Users\HP\Desktop\ochi-website-clone-master\node_modules\@img\sharp-linuxmusl-arm64
49 silly reify mark deleted [
49 silly reify   'C:\\Users\\HP\\Desktop\\ochi-website-clone-master\\node_modules\\@img\\sharp-linuxmusl-arm64'
49 silly reify ]
50 verbose reify failed optional dependency C:\Users\HP\Desktop\ochi-website-clone-master\node_modules\@img\sharp-linux-x64
51 silly reify mark deleted [
51 silly reify   'C:\\Users\\HP\\Desktop\\ochi-website-clone-master\\node_modules\\@img\\sharp-linux-x64'
51 silly reify ]
52 verbose reify failed optional dependency C:\Users\HP\Desktop\ochi-website-clone-master\node_modules\@img\sharp-linux-s390x
53 silly reify mark deleted [
53 silly reify   'C:\\Users\\HP\\Desktop\\ochi-website-clone-master\\node_modules\\@img\\sharp-linux-s390x'
53 silly reify ]
54 verbose reify failed optional dependency C:\Users\HP\Desktop\ochi-website-clone-master\node_modules\@img\sharp-linux-arm64
55 silly reify mark deleted [
55 silly reify   'C:\\Users\\HP\\Desktop\\ochi-website-clone-master\\node_modules\\@img\\sharp-linux-arm64'
55 silly reify ]
56 verbose reify failed optional dependency C:\Users\HP\Desktop\ochi-website-clone-master\node_modules\@img\sharp-linux-arm
57 silly reify mark deleted [
57 silly reify   'C:\\Users\\HP\\Desktop\\ochi-website-clone-master\\node_modules\\@img\\sharp-linux-arm'
57 silly reify ]
58 verbose reify failed optional dependency C:\Users\HP\Desktop\ochi-website-clone-master\node_modules\@img\sharp-libvips-linuxmusl-x64
59 silly reify mark deleted [
59 silly reify   'C:\\Users\\HP\\Desktop\\ochi-website-clone-master\\node_modules\\@img\\sharp-libvips-linuxmusl-x64'
59 silly reify ]
60 verbose reify failed optional dependency C:\Users\HP\Desktop\ochi-website-clone-master\node_modules\@img\sharp-libvips-linuxmusl-arm64
61 silly reify mark deleted [
61 silly reify   'C:\\Users\\HP\\Desktop\\ochi-website-clone-master\\node_modules\\@img\\sharp-libvips-linuxmusl-arm64'
61 silly reify ]
62 verbose reify failed optional dependency C:\Users\HP\Desktop\ochi-website-clone-master\node_modules\@img\sharp-libvips-linux-x64
63 silly reify mark deleted [
63 silly reify   'C:\\Users\\HP\\Desktop\\ochi-website-clone-master\\node_modules\\@img\\sharp-libvips-linux-x64'
63 silly reify ]
64 verbose reify failed optional dependency C:\Users\HP\Desktop\ochi-website-clone-master\node_modules\@img\sharp-libvips-linux-s390x
65 silly reify mark deleted [
65 silly reify   'C:\\Users\\HP\\Desktop\\ochi-website-clone-master\\node_modules\\@img\\sharp-libvips-linux-s390x'
65 silly reify ]
66 verbose reify failed optional dependency C:\Users\HP\Desktop\ochi-website-clone-master\node_modules\@img\sharp-libvips-linux-arm64
67 silly reify mark deleted [
67 silly reify   'C:\\Users\\HP\\Desktop\\ochi-website-clone-master\\node_modules\\@img\\sharp-libvips-linux-arm64'
67 silly reify ]
68 verbose reify failed optional dependency C:\Users\HP\Desktop\ochi-website-clone-master\node_modules\@img\sharp-libvips-linux-arm
69 silly reify mark deleted [
69 silly reify   'C:\\Users\\HP\\Desktop\\ochi-website-clone-master\\node_modules\\@img\\sharp-libvips-linux-arm'
69 silly reify ]
70 verbose reify failed optional dependency C:\Users\HP\Desktop\ochi-website-clone-master\node_modules\@img\sharp-libvips-darwin-x64
71 silly reify mark deleted [
71 silly reify   'C:\\Users\\HP\\Desktop\\ochi-website-clone-master\\node_modules\\@img\\sharp-libvips-darwin-x64'
71 silly reify ]
72 verbose reify failed optional dependency C:\Users\HP\Desktop\ochi-website-clone-master\node_modules\@img\sharp-libvips-darwin-arm64
73 silly reify mark deleted [
73 silly reify   'C:\\Users\\HP\\Desktop\\ochi-website-clone-master\\node_modules\\@img\\sharp-libvips-darwin-arm64'
73 silly reify ]
74 verbose reify failed optional dependency C:\Users\HP\Desktop\ochi-website-clone-master\node_modules\@img\sharp-darwin-x64
75 silly reify mark deleted [
75 silly reify   'C:\\Users\\HP\\Desktop\\ochi-website-clone-master\\node_modules\\@img\\sharp-darwin-x64'
75 silly reify ]
76 verbose reify failed optional dependency C:\Users\HP\Desktop\ochi-website-clone-master\node_modules\@img\sharp-darwin-arm64
77 silly reify mark deleted [
77 silly reify   'C:\\Users\\HP\\Desktop\\ochi-website-clone-master\\node_modules\\@img\\sharp-darwin-arm64'
77 silly reify ]
78 http cache @emnapi/runtime@https://registry.npmjs.org/@emnapi/runtime/-/runtime-1.1.1.tgz 0ms (cache hit)
79 http fetch POST 200 https://registry.npmjs.org/-/npm/v1/security/advisories/bulk 3828ms
80 silly audit report {
80 silly audit report   '@babel/runtime': [
80 silly audit report     {
80 silly audit report       id: 1103025,
80 silly audit report       url: 'https://github.com/advisories/GHSA-968p-4wvh-cqc8',
80 silly audit report       title: 'Babel has inefficient RexExp complexity in generated code with .replace when transpiling named capturing groups',
80 silly audit report       severity: 'moderate',
80 silly audit report       vulnerable_versions: '<7.26.10',
80 silly audit report       cwe: [Array],
80 silly audit report       cvss: [Object]
80 silly audit report     }
80 silly audit report   ],
80 silly audit report   braces: [
80 silly audit report     {
80 silly audit report       id: 1098094,
80 silly audit report       url: 'https://github.com/advisories/GHSA-grv7-fg5c-xmjg',
80 silly audit report       title: 'Uncontrolled resource consumption in braces',
80 silly audit report       severity: 'high',
80 silly audit report       vulnerable_versions: '<3.0.3',
80 silly audit report       cwe: [Array],
80 silly audit report       cvss: [Object]
80 silly audit report     }
80 silly audit report   ],
80 silly audit report   'cross-spawn': [
80 silly audit report     {
80 silly audit report       id: 1100563,
80 silly audit report       url: 'https://github.com/advisories/GHSA-3xgq-45jj-v275',
80 silly audit report       title: 'Regular Expression Denial of Service (ReDoS) in cross-spawn',
80 silly audit report       severity: 'high',
80 silly audit report       vulnerable_versions: '>=7.0.0 <7.0.5',
80 silly audit report       cwe: [Array],
80 silly audit report       cvss: [Object]
80 silly audit report     }
80 silly audit report   ],
80 silly audit report   micromatch: [
80 silly audit report     {
80 silly audit report       id: 1098681,
80 silly audit report       url: 'https://github.com/advisories/GHSA-952p-6rrq-rcjv',
80 silly audit report       title: 'Regular Expression Denial of Service (ReDoS) in micromatch',
80 silly audit report       severity: 'moderate',
80 silly audit report       vulnerable_versions: '<4.0.8',
80 silly audit report       cwe: [Array],
80 silly audit report       cvss: [Object]
80 silly audit report     }
80 silly audit report   ],
80 silly audit report   nanoid: [
80 silly audit report     {
80 silly audit report       id: 1101163,
80 silly audit report       url: 'https://github.com/advisories/GHSA-mwcw-c2x4-8c55',
80 silly audit report       title: 'Predictable results in nanoid generation when given non-integer values',
80 silly audit report       severity: 'moderate',
80 silly audit report       vulnerable_versions: '<3.3.8',
80 silly audit report       cwe: [Array],
80 silly audit report       cvss: [Object]
80 silly audit report     }
80 silly audit report   ],
80 silly audit report   next: [
80 silly audit report     {
80 silly audit report       id: 1099638,
80 silly audit report       url: 'https://github.com/advisories/GHSA-gp8f-8m3g-qvj9',
80 silly audit report       title: 'Next.js Cache Poisoning',
80 silly audit report       severity: 'high',
80 silly audit report       vulnerable_versions: '>=14.0.0 <14.2.10',
80 silly audit report       cwe: [Array],
80 silly audit report       cvss: [Object]
80 silly audit report     },
80 silly audit report     {
80 silly audit report       id: 1100421,
80 silly audit report       url: 'https://github.com/advisories/GHSA-g77x-44xx-532m',
80 silly audit report       title: 'Denial of Service condition in Next.js image optimization',
80 silly audit report       severity: 'moderate',
80 silly audit report       vulnerable_versions: '>=10.0.0 <14.2.7',
80 silly audit report       cwe: [Array],
80 silly audit report       cvss: [Object]
80 silly audit report     },
80 silly audit report     {
80 silly audit report       id: 1101380,
80 silly audit report       url: 'https://github.com/advisories/GHSA-7gfc-8cq8-jh5f',
80 silly audit report       title: 'Next.js authorization bypass vulnerability',
80 silly audit report       severity: 'high',
80 silly audit report       vulnerable_versions: '>=9.5.5 <14.2.15',
80 silly audit report       cwe: [Array],
80 silly audit report       cvss: [Object]
80 silly audit report     },
80 silly audit report     {
80 silly audit report       id: 1101438,
80 silly audit report       url: 'https://github.com/advisories/GHSA-7m27-7ghc-44w9',
80 silly audit report       title: 'Next.js Allows a Denial of Service (DoS) with Server Actions',
80 silly audit report       severity: 'moderate',
80 silly audit report       vulnerable_versions: '>=14.0.0 <14.2.21',
80 silly audit report       cwe: [Array],
80 silly audit report       cvss: [Object]
80 silly audit report     },
80 silly audit report     {
80 silly audit report       id: 1103369,
80 silly audit report       url: 'https://github.com/advisories/GHSA-f82v-jwr5-mffw',
80 silly audit report       title: 'Authorization Bypass in Next.js Middleware',
80 silly audit report       severity: 'critical',
80 silly audit report       vulnerable_versions: '>=14.0.0 <14.2.25',
80 silly audit report       cwe: [Array],
80 silly audit report       cvss: [Object]
80 silly audit report     }
80 silly audit report   ]
80 silly audit report }
81 silly packumentCache corgi:https://registry.npmjs.org/@babel%2fruntime cache-miss
82 silly packumentCache corgi:https://registry.npmjs.org/braces cache-miss
83 silly packumentCache corgi:https://registry.npmjs.org/cross-spawn cache-miss
84 silly packumentCache corgi:https://registry.npmjs.org/micromatch cache-miss
85 silly packumentCache corgi:https://registry.npmjs.org/nanoid cache-miss
86 silly packumentCache corgi:https://registry.npmjs.org/next cache-miss
87 http cache https://registry.npmjs.org/cross-spawn 63ms (cache hit)
88 silly packumentCache corgi:https://registry.npmjs.org/cross-spawn set size:44626 disposed:false
89 http cache https://registry.npmjs.org/braces 69ms (cache hit)
90 silly packumentCache corgi:https://registry.npmjs.org/braces set size:35919 disposed:false
91 http cache https://registry.npmjs.org/micromatch 70ms (cache hit)
92 silly packumentCache corgi:https://registry.npmjs.org/micromatch set size:71776 disposed:false
93 http cache https://registry.npmjs.org/nanoid 73ms (cache hit)
94 silly packumentCache corgi:https://registry.npmjs.org/nanoid set size:143800 disposed:false
95 http cache https://registry.npmjs.org/@babel%2fruntime 86ms (cache hit)
96 silly packumentCache corgi:https://registry.npmjs.org/@babel%2fruntime set size:212688 disposed:false
97 http cache https://registry.npmjs.org/next 191ms (cache hit)
98 silly packumentCache corgi:https://registry.npmjs.org/next set size:19340549 disposed:false
99 silly packumentCache corgi:https://registry.npmjs.org/eslint-plugin-jsx-a11y cache-miss
100 http cache https://registry.npmjs.org/eslint-plugin-jsx-a11y 12ms (cache hit)
101 silly packumentCache corgi:https://registry.npmjs.org/eslint-plugin-jsx-a11y set size:108835 disposed:false
102 silly packumentCache corgi:https://registry.npmjs.org/chokidar cache-miss
103 http cache https://registry.npmjs.org/chokidar 11ms (cache hit)
104 silly packumentCache corgi:https://registry.npmjs.org/chokidar set size:118541 disposed:false
105 silly packumentCache corgi:https://registry.npmjs.org/eslint cache-miss
106 silly packumentCache corgi:https://registry.npmjs.org/foreground-child cache-miss
107 http cache https://registry.npmjs.org/foreground-child 17ms (cache hit)
108 silly packumentCache corgi:https://registry.npmjs.org/foreground-child set size:21249 disposed:false
109 http cache https://registry.npmjs.org/eslint 26ms (cache hit)
110 silly packumentCache corgi:https://registry.npmjs.org/eslint set size:1041351 disposed:false
111 silly packumentCache corgi:https://registry.npmjs.org/fast-glob cache-miss
112 silly packumentCache corgi:https://registry.npmjs.org/tailwindcss cache-miss
113 http cache https://registry.npmjs.org/fast-glob 14ms (cache hit)
114 silly packumentCache corgi:https://registry.npmjs.org/fast-glob set size:86036 disposed:false
115 http cache https://registry.npmjs.org/tailwindcss 39ms (cache hit)
116 silly packumentCache corgi:https://registry.npmjs.org/tailwindcss set size:4189998 disposed:false
117 silly packumentCache corgi:https://registry.npmjs.org/postcss cache-miss
118 http cache https://registry.npmjs.org/postcss 13ms (cache hit)
119 silly packumentCache corgi:https://registry.npmjs.org/postcss set size:334606 disposed:false
120 silly ADD
121 silly ADD
122 silly ADD
123 silly ADD
124 silly ADD
125 silly ADD
126 silly ADD
127 silly ADD
128 silly ADD
129 silly ADD
130 silly ADD
131 silly ADD
132 silly ADD
133 silly ADD
134 silly ADD
135 silly ADD
136 silly ADD
137 silly ADD
138 silly ADD
139 silly ADD
140 silly ADD
141 silly ADD
142 silly ADD
143 silly ADD
144 silly ADD
145 silly ADD
146 silly ADD
147 silly ADD
148 verbose cwd C:\Users\HP\Desktop\ochi-website-clone-master
149 verbose os Windows_NT 10.0.19045
150 verbose node v21.6.1
151 verbose npm  v10.9.1
152 verbose exit 0
153 info ok
